*GetNodeByText: 02.05.1970
Visiting: Root Level: 0
Visiting: 2022 Level: 1
Visiting: Uge 30 Level: 2
Visiting: Uge 31 Level: 2
Visiting: 01.08.2022 Level: 3
Visiting: 2021 Level: 1
Visiting: 2020 Level: 1
Visiting: 1980 Level: 1
Visiting: Uge 10 Level: 2
Visiting: 1970 Level: 1
Visiting: Uge 18 Level: 2
Visiting: 02.05.1970 Level: 3
Found: 02.05.1970 @ Level: 3
2-8-22 18:10:26 - GetNodeByText: 08.01.1956
Visiting: Root Level: 0
Visiting: 2022 Level: 1
Visiting: Uge 30 Level: 2
Visiting: Uge 31 Level: 2
Visiting: 01.08.2022 Level: 3
Visiting: 2021 Level: 1
Visiting: 2020 Level: 1
Visiting: 1980 Level: 1
Visiting: Uge 10 Level: 2
Visiting: 1970 Level: 1
Visiting: Uge 18 Level: 2
Visiting: 02.05.1970 Level: 3
Visiting: 1961 Level: 1
Visiting: Uge 13 Level: 2
Visiting: 01.04.1961 Level: 3
Visiting: 1956 Level: 1
Visiting: Uge 01 Level: 2
Visiting: 08.01.1956 Level: 3
Found: 08.01.1956 @ Level: 3
2-8-22 18:11:22 - GetNodeByText: 01.04.1961
Visiting: Root Level: 0
Visiting: 2022 Level: 1
Visiting: Uge 30 Level: 2
Visiting: Uge 31 Level: 2
Visiting: 01.08.2022 Level: 3
Visiting: 2021 Level: 1
Visiting: 2020 Level: 1
Visiting: 1980 Level: 1
Visiting: Uge 10 Level: 2
Visiting: 1970 Level: 1
Visiting: Uge 18 Level: 2
Visiting: 02.05.1970 Level: 3
Visiting: 1961 Level: 1
Visiting: Uge 13 Level: 2
Visiting: 01.04.1961 Level: 3
Found: 01.04.1961 @ Level: 3
2-8-22 19:27:02 - GetNodeByText: Uge 13
Visiting: Root Level: 0
Visiting: 2022 Level: 1
Visiting: Uge 30 Level: 2
Visiting: Uge 31 Level: 2
Visiting: 01.08.2022 Level: 3
Visiting: 2021 Level: 1
Visiting: 2020 Level: 1
Visiting: 1980 Level: 1
Visiting: Uge 10 Level: 2
Visiting: 1970 Level: 1
Visiting: Uge 18 Level: 2
Visiting: 02.05.1970 Level: 3
Visiting: 1961 Level: 1
Visiting: Uge 13 Level: 2
Found: Uge 13 @ Level: 2
3-8-22 18:24:38 - GetNodeByText: 08.01.1956
Visiting: Root Level: 0
Visiting: 2022 Level: 1
Visiting: Uge 30 Level: 2
Visiting: Uge 31 Level: 2
Visiting: 01.08.2022 Level: 3
Visiting: 2021 Level: 1
Visiting: 2020 Level: 1
Visiting: 1980 Level: 1
Visiting: Uge 10 Level: 2
Visiting: 1970 Level: 1
Visiting: Uge 18 Level: 2
Visiting: 02.05.1970 Level: 3
Visiting: 1961 Level: 1
Visiting: Uge 13 Level: 2
Visiting: 01.04.1961 Level: 3
Visiting: 1956 Level: 1
Visiting: Uge 01 Level: 2
Visiting: 08.01.1956 Level: 3
Found: 08.01.1956 @ Level: 3
5-8-22 09:57:31 - GetNodeByText: Uge 13
Visiting: Root Level: 0
Visiting: 2022 Level: 1
Visiting: Uge 30 Level: 2
Visiting: Uge 31 Level: 2
Visiting: 01.08.2022 Level: 3
Visiting: 2021 Level: 1
Visiting: 2020 Level: 1
Visiting: 1980 Level: 1
Visiting: Uge 10 Level: 2
Visiting: 1970 Level: 1
Visiting: Uge 18 Level: 2
Visiting: 02.05.1970 Level: 3
Visiting: 1961 Level: 1
Visiting: Uge 13 Level: 2
Found: Uge 13 @ Level: 2
5-8-22 10:37:26 - Root-node added: Dates: with data
5-8-22 10:47:48 - GetNodeByText: Uge 13
Visiting: Root Level: 0
Visiting: 2022 Level: 1
Visiting: Uge 30 Level: 2
Visiting: Uge 31 Level: 2
Visiting: 01.08.2022 Level: 3
Visiting: 2021 Level: 1
Visiting: 2020 Level: 1
Visiting: 1980 Level: 1
Visiting: Uge 10 Level: 2
Visiting: 1970 Level: 1
Visiting: Uge 18 Level: 2
Visiting: 02.05.1970 Level: 3
Visiting: 1961 Level: 1
Visiting: Uge 13 Level: 2
Found: Uge 13 @ Level: 2
5-8-22 11:01:46 - GetNodeByText: Uge 13
Visiting: Root Level: 0
Visiting: 2022 Level: 1
Visiting: Uge 30 Level: 2
Visiting: Uge 31 Level: 2
Visiting: 01.08.2022 Level: 3
Visiting: 2021 Level: 1
Visiting: 2020 Level: 1
Visiting: 1980 Level: 1
Visiting: Uge 10 Level: 2
Visiting: 1970 Level: 1
Visiting: Uge 18 Level: 2
Visiting: 02.05.1970 Level: 3
Visiting: 1961 Level: 1
Visiting: Uge 13 Level: 2
Found: Uge 13 @ Level: 2
5-8-22 11:03:46 - Root-node added: Dates: with data
5-8-22 11:04:25 - Root-node added: Dates: with data
6-8-22 07:24:57 - GetNodeByText: Uge 13
Visiting: Root Level: 0
Visiting: 2022 Level: 1
Visiting: Uge 30 Level: 2
Visiting: Uge 31 Level: 2
Visiting: 01.08.2022 Level: 3
Visiting: 2021 Level: 1
Visiting: 2020 Level: 1
Visiting: 1980 Level: 1
Visiting: Uge 10 Level: 2
Visiting: 1970 Level: 1
Visiting: Uge 18 Level: 2
Visiting: 02.05.1970 Level: 3
Visiting: 1961 Level: 1
Visiting: Uge 13 Level: 2
Found: Uge 13 @ Level: 2
6-8-22 07:27:34 - Root-node added: Dates: with data
9-8-22 05:11:37 - GetNodeByText: 01.04.1961
Visiting: Root Level: 0
Visiting: 2022 Level: 1
Visiting: Uge 30 Level: 2
Visiting: Uge 31 Level: 2
Visiting: 01.08.2022 Level: 3
Visiting: 2021 Level: 1
Visiting: 2020 Level: 1
Visiting: 1980 Level: 1
Visiting: Uge 10 Level: 2
Visiting: 1970 Level: 1
Visiting: Uge 18 Level: 2
Visiting: 02.05.1970 Level: 3
Visiting: 1961 Level: 1
Visiting: Uge 13 Level: 2
Visiting: 01.04.1961 Level: 3
Found: 01.04.1961 @ Level: 3
9-8-22 05:13:06 - GetNodeByText: 01.08.2022
Visiting: Root Level: 0
Visiting: 2022 Level: 1
Visiting: Uge 30 Level: 2
Visiting: Uge 31 Level: 2
Visiting: 01.08.2022 Level: 3
Found: 01.08.2022 @ Level: 3
9-8-22 05:15:43 - Root-node added: Dates: with data
9-8-22 05:22:36 - GetNodeByText: Uge 13
Visiting: Root Level: 0
Visiting: 2022 Level: 1
Visiting: Uge 30 Level: 2
Visiting: Uge 31 Level: 2
Visiting: 01.08.2022 Level: 3
Visiting: 2021 Level: 1
Visiting: 2020 Level: 1
Visiting: 1980 Level: 1
Visiting: Uge 10 Level: 2
Visiting: 1970 Level: 1
Visiting: Uge 18 Level: 2
Visiting: 02.05.1970 Level: 3
Visiting: 1961 Level: 1
Visiting: Uge 13 Level: 2
Found: Uge 13 @ Level: 2
9-8-22 05:23:04 - GetNodeByText: 02.05.1970
Visiting: Root Level: 0
Visiting: 2022 Level: 1
Visiting: Uge 30 Level: 2
Visiting: Uge 31 Level: 2
Visiting: 01.08.2022 Level: 3
Visiting: 2021 Level: 1
Visiting: 2020 Level: 1
Visiting: 1980 Level: 1
Visiting: Uge 10 Level: 2
Visiting: 1970 Level: 1
Visiting: Uge 18 Level: 2
Visiting: 02.05.1970 Level: 3
Found: 02.05.1970 @ Level: 3
9-8-22 05:25:21 - Root-node added: Dates: with data
10-8-22 12:31:59 - Sibling-node added: 2022 with data
10-8-22 12:33:26 - Root-node added: Dates: with data
10-8-22 12:34:37 - GetNodeByText: Uge 13
Visiting: Root Level: 0
Visiting: 2022 Level: 1
Visiting: Uge 30 Level: 2
Visiting: Uge 31 Level: 2
Visiting: 01.08.2022 Level: 3
Visiting: 2021 Level: 1
Visiting: 2020 Level: 1
Visiting: 1980 Level: 1
Visiting: Uge 10 Level: 2
Visiting: 1970 Level: 1
Visiting: Uge 18 Level: 2
Visiting: 02.05.1970 Level: 3
Visiting: 1961 Level: 1
Visiting: Uge 13 Level: 2
Found: Uge 13 @ Level: 2
10-8-22 13:59:13 - GetNodeByText: Uge 13
Visiting: Root Level: 0
Visiting: 2022 Level: 1
Visiting: Uge 30 Level: 2
Visiting: Uge 31 Level: 2
Visiting: 01.08.2022 Level: 3
Visiting: 2021 Level: 1
Visiting: 2020 Level: 1
Visiting: 1980 Level: 1
Visiting: Uge 10 Level: 2
Visiting: 1970 Level: 1
Visiting: Uge 18 Level: 2
Visiting: 02.05.1970 Level: 3
Visiting: 1961 Level: 1
Visiting: Uge 13 Level: 2
Found: Uge 13 @ Level: 2
10-8-22 14:01:09 - GetNodeByText: Uge 13
Visiting: Root Level: 0
Visiting: 2022 Level: 1
Visiting: Uge 30 Level: 2
Visiting: Uge 31 Level: 2
Visiting: 01.08.2022 Level: 3
Visiting: 2021 Level: 1
Visiting: 2020 Level: 1
Visiting: 1980 Level: 1
Visiting: Uge 10 Level: 2
Visiting: 1970 Level: 1
Visiting: Uge 18 Level: 2
Visiting: 02.05.1970 Level: 3
Visiting: 1961 Level: 1
Visiting: Uge 13 Level: 2
Found: Uge 13 @ Level: 2
10-8-22 14:02:06 - Sibling-node added: 2022 with data
10-8-22 14:06:53 - GetNodeByText: 08.01.1956
Visiting: Root Level: 0
Visiting: 2022 Level: 1
Visiting: Uge 30 Level: 2
Visiting: Uge 31 Level: 2
Visiting: 01.08.2022 Level: 3
Visiting: 2021 Level: 1
Visiting: 2020 Level: 1
Visiting: 1980 Level: 1
Visiting: Uge 10 Level: 2
Visiting: 1970 Level: 1
Visiting: Uge 18 Level: 2
Visiting: 02.05.1970 Level: 3
Visiting: 1961 Level: 1
Visiting: Uge 13 Level: 2
Visiting: 01.04.1961 Level: 3
Visiting: 1956 Level: 1
Visiting: Uge 01 Level: 2
Visiting: 08.01.1956 Level: 3
Found: 08.01.1956 @ Level: 3
